<?xml version="1.0" encoding="UTF-8"?>
<!-- Generated by org.testng.reporters.JUnitReportReporter -->
<testsuite hostname="DESKTOP-L8C2OAC" failures="0" tests="1" name="practiceCode.SeleniumBasicCode" time="7.482" errors="0" timestamp="2021-06-30T00:11:34 IST" skipped="0">
  <testcase classname="practiceCode.SeleniumBasicCode" name="run" time="7.482"/>
  <system-out/>
</testsuite> <!-- practiceCode.SeleniumBasicCode -->
