<?xml version="1.0" encoding="UTF-8"?>
<!-- Generated by org.testng.reporters.JUnitReportReporter -->
<testsuite skipped="0" hostname="DESKTOP-L8C2OAC" name="sampleCodeForLearning.NewTest" tests="1" failures="0" timestamp="2021-07-02T00:18:35 IST" time="16.730" errors="0">
  <testcase name="f" time="16.730" classname="sampleCodeForLearning.NewTest"/>
  <system-out/>
</testsuite> <!-- sampleCodeForLearning.NewTest -->
